<?xml version="1.0" encoding="utf-8"?>
<CoverageSession xmlns:xsd="http://www.w3.org/2001/XMLSchema" xmlns:xsi="http://www.w3.org/2001/XMLSchema-instance" Version="0.0.0.0">
  <Summary numSequencePoints="218" visitedSequencePoints="217" numBranchPoints="0" visitedBranchPoints="0" sequenceCoverage="99.54" branchCoverage="0.0" maxCyclomaticComplexity="13" minCyclomaticComplexity="1" maxCrapScore="13.00" minCrapScore="1" visitedClasses="4" numClasses="4" visitedMethods="17" numMethods="17" />
  <Modules>
    <Module>
      <Summary numSequencePoints="218" visitedSequencePoints="217" numBranchPoints="0" visitedBranchPoints="0" sequenceCoverage="99.54" branchCoverage="0.0" maxCyclomaticComplexity="13" minCyclomaticComplexity="1" maxCrapScore="13.00" minCrapScore="1" visitedClasses="4" numClasses="4" visitedMethods="17" numMethods="17" />
      <ModuleTime>0001-01-01T00:00:00</ModuleTime>
      <ModuleName>WaynGames.Blob.Runtime</ModuleName>
      <Files>
        <File uid="1" fullPath="C:/Users/Marc HANICOT/Documents/GitHub/Blob/Packages/wayn.blob/Runtime/BlobHashMapBucket.cs" />
        <File uid="2" fullPath="C:/Users/Marc HANICOT/Documents/GitHub/Blob/Packages/wayn.blob/Runtime/BlobHashMapBuilder.cs" />
        <File uid="3" fullPath="C:/Users/Marc HANICOT/Documents/GitHub/Blob/Packages/wayn.blob/Runtime/BlobHashMapUtils.cs" />
        <File uid="4" fullPath="C:/Users/Marc HANICOT/Documents/GitHub/Blob/Packages/wayn.blob/Runtime/BlobMultiHashMap.cs" />
      </Files>
      <Classes>
        <Class>
          <Summary numSequencePoints="68" visitedSequencePoints="67" numBranchPoints="0" visitedBranchPoints="0" sequenceCoverage="98.53" branchCoverage="0.0" maxCyclomaticComplexity="13" minCyclomaticComplexity="1" maxCrapScore="13.00" minCrapScore="1" visitedClasses="1" numClasses="1" visitedMethods="5" numMethods="5" />
          <FullName>BlobHashMapBucket[TKey,TValue]</FullName>
          <Methods>
            <Method visited="true" cyclomaticComplexity="4" nPathComplexity="0" sequenceCoverage="100.0" branchCoverage="0" crapScore="4" isConstructor="false" isStatic="false" isGetter="false" isSetter="false">
              <Summary numSequencePoints="7" visitedSequencePoints="7" numBranchPoints="0" visitedBranchPoints="0" sequenceCoverage="100.0" branchCoverage="0" maxCyclomaticComplexity="4" minCyclomaticComplexity="4" maxCrapScore="4" minCrapScore="4" visitedClasses="0" numClasses="0" visitedMethods="1" numMethods="1" />
              <MetadataToken>100663297</MetadataToken>
              <Name>System.Boolean BlobHashMapBucket[TKey,TValue]::ContainsKey(TKey)</Name>
              <FileRef uid="1" />
              <SequencePoints>
                <SequencePoint vc="4" uspid="1" ordinal="0" offset="0" sl="20" sc="0" el="20" ec="0" bec="0" bev="0" fileid="1" />
                <SequencePoint vc="4" uspid="2" ordinal="0" offset="1" sl="21" sc="0" el="21" ec="0" bec="0" bev="0" fileid="1" />
                <SequencePoint vc="1" uspid="3" ordinal="0" offset="19" sl="21" sc="0" el="21" ec="0" bec="0" bev="0" fileid="1" />
                <SequencePoint vc="3" uspid="4" ordinal="0" offset="23" sl="22" sc="0" el="22" ec="0" bec="0" bev="0" fileid="1" />
                <SequencePoint vc="1" uspid="5" ordinal="0" offset="74" sl="22" sc="0" el="22" ec="0" bec="0" bev="0" fileid="1" />
                <SequencePoint vc="2" uspid="6" ordinal="0" offset="78" sl="23" sc="0" el="23" ec="0" bec="0" bev="0" fileid="1" />
                <SequencePoint vc="4" uspid="7" ordinal="0" offset="94" sl="24" sc="0" el="24" ec="0" bec="0" bev="0" fileid="1" />
              </SequencePoints>
              <BranchPoints />
            </Method>
            <Method visited="true" cyclomaticComplexity="3" nPathComplexity="0" sequenceCoverage="100.0" branchCoverage="0" crapScore="3" isConstructor="false" isStatic="false" isGetter="false" isSetter="false">
              <Summary numSequencePoints="5" visitedSequencePoints="5" numBranchPoints="0" visitedBranchPoints="0" sequenceCoverage="100.0" branchCoverage="0" maxCyclomaticComplexity="3" minCyclomaticComplexity="3" maxCrapScore="3" minCrapScore="3" visitedClasses="0" numClasses="0" visitedMethods="1" numMethods="1" />
              <MetadataToken>100663298</MetadataToken>
              <Name>System.Int32 BlobHashMapBucket[TKey,TValue]::FindKeyIndex(TKey)</Name>
              <FileRef uid="1" />
              <SequencePoints>
                <SequencePoint vc="187" uspid="8" ordinal="0" offset="0" sl="33" sc="0" el="33" ec="0" bec="0" bev="0" fileid="1" />
                <SequencePoint vc="187" uspid="9" ordinal="0" offset="1" sl="35" sc="0" el="35" ec="0" bec="0" bev="0" fileid="1" />
                <SequencePoint vc="34" uspid="10" ordinal="0" offset="52" sl="35" sc="0" el="35" ec="0" bec="0" bev="0" fileid="1" />
                <SequencePoint vc="153" uspid="11" ordinal="0" offset="56" sl="36" sc="0" el="36" ec="0" bec="0" bev="0" fileid="1" />
                <SequencePoint vc="187" uspid="12" ordinal="0" offset="66" sl="37" sc="0" el="37" ec="0" bec="0" bev="0" fileid="1" />
              </SequencePoints>
              <BranchPoints />
            </Method>
            <Method visited="true" cyclomaticComplexity="13" nPathComplexity="0" sequenceCoverage="97.22" branchCoverage="0" crapScore="13.00" isConstructor="false" isStatic="false" isGetter="false" isSetter="false">
              <Summary numSequencePoints="36" visitedSequencePoints="35" numBranchPoints="0" visitedBranchPoints="0" sequenceCoverage="97.22" branchCoverage="0" maxCyclomaticComplexity="13" minCyclomaticComplexity="13" maxCrapScore="13.00" minCrapScore="13.00" visitedClasses="0" numClasses="0" visitedMethods="1" numMethods="1" />
              <MetadataToken>100663299</MetadataToken>
              <Name>System.Int32 BlobHashMapBucket[TKey,TValue]::BinarySearch(TKey)</Name>
              <FileRef uid="1" />
              <SequencePoints>
                <SequencePoint vc="153" uspid="13" ordinal="0" offset="0" sl="46" sc="0" el="46" ec="0" bec="0" bev="0" fileid="1" />
                <SequencePoint vc="153" uspid="14" ordinal="0" offset="1" sl="47" sc="0" el="47" ec="0" bec="0" bev="0" fileid="1" />
                <SequencePoint vc="153" uspid="15" ordinal="0" offset="8" sl="48" sc="0" el="48" ec="0" bec="0" bev="0" fileid="1" />
                <SequencePoint vc="153" uspid="16" ordinal="0" offset="10" sl="49" sc="0" el="49" ec="0" bec="0" bev="0" fileid="1" />
                <SequencePoint vc="170" uspid="17" ordinal="0" offset="29" sl="51" sc="0" el="51" ec="0" bec="0" bev="0" fileid="1" />
                <SequencePoint vc="170" uspid="18" ordinal="0" offset="30" sl="52" sc="0" el="52" ec="0" bec="0" bev="0" fileid="1" />
                <SequencePoint vc="170" uspid="19" ordinal="0" offset="43" sl="54" sc="0" el="54" ec="0" bec="0" bev="0" fileid="1" />
                <SequencePoint vc="16" uspid="20" ordinal="0" offset="69" sl="55" sc="0" el="55" ec="0" bec="0" bev="0" fileid="1" />
                <SequencePoint vc="16" uspid="21" ordinal="0" offset="70" sl="56" sc="0" el="56" ec="0" bec="0" bev="0" fileid="1" />
                <SequencePoint vc="16" uspid="22" ordinal="0" offset="74" sl="57" sc="0" el="57" ec="0" bec="0" bev="0" fileid="1" />
                <SequencePoint vc="154" uspid="23" ordinal="0" offset="79" sl="59" sc="0" el="59" ec="0" bec="0" bev="0" fileid="1" />
                <SequencePoint vc="9" uspid="24" ordinal="0" offset="105" sl="60" sc="0" el="60" ec="0" bec="0" bev="0" fileid="1" />
                <SequencePoint vc="9" uspid="25" ordinal="0" offset="106" sl="61" sc="0" el="61" ec="0" bec="0" bev="0" fileid="1" />
                <SequencePoint vc="9" uspid="26" ordinal="0" offset="110" sl="62" sc="0" el="62" ec="0" bec="0" bev="0" fileid="1" />
                <SequencePoint vc="145" uspid="27" ordinal="0" offset="115" sl="68" sc="0" el="68" ec="0" bec="0" bev="0" fileid="1" />
                <SequencePoint vc="37" uspid="28" ordinal="0" offset="151" sl="68" sc="0" el="68" ec="0" bec="0" bev="0" fileid="1" />
                <SequencePoint vc="108" uspid="29" ordinal="0" offset="159" sl="71" sc="0" el="71" ec="0" bec="0" bev="0" fileid="1" />
                <SequencePoint vc="2495" uspid="30" ordinal="0" offset="164" sl="73" sc="0" el="73" ec="0" bec="0" bev="0" fileid="1" />
                <SequencePoint vc="2495" uspid="31" ordinal="0" offset="165" sl="74" sc="0" el="74" ec="0" bec="0" bev="0" fileid="1" />
                <SequencePoint vc="2495" uspid="32" ordinal="0" offset="169" sl="75" sc="0" el="75" ec="0" bec="0" bev="0" fileid="1" />
                <SequencePoint vc="33" uspid="33" ordinal="0" offset="205" sl="76" sc="0" el="76" ec="0" bec="0" bev="0" fileid="1" />
                <SequencePoint vc="33" uspid="34" ordinal="0" offset="206" sl="77" sc="0" el="77" ec="0" bec="0" bev="0" fileid="1" />
                <SequencePoint vc="2462" uspid="35" ordinal="0" offset="214" sl="80" sc="0" el="80" ec="0" bec="0" bev="0" fileid="1" />
                <SequencePoint vc="2570" uspid="36" ordinal="0" offset="215" sl="72" sc="0" el="72" ec="0" bec="0" bev="0" fileid="1" />
                <SequencePoint vc="75" uspid="37" ordinal="0" offset="280" sl="84" sc="0" el="84" ec="0" bec="0" bev="0" fileid="1" />
                <SequencePoint vc="1251" uspid="38" ordinal="0" offset="285" sl="86" sc="0" el="86" ec="0" bec="0" bev="0" fileid="1" />
                <SequencePoint vc="1251" uspid="39" ordinal="0" offset="286" sl="88" sc="0" el="88" ec="0" bec="0" bev="0" fileid="1" />
                <SequencePoint vc="1251" uspid="40" ordinal="0" offset="290" sl="89" sc="0" el="89" ec="0" bec="0" bev="0" fileid="1" />
                <SequencePoint vc="75" uspid="41" ordinal="0" offset="326" sl="90" sc="0" el="90" ec="0" bec="0" bev="0" fileid="1" />
                <SequencePoint vc="75" uspid="42" ordinal="0" offset="327" sl="91" sc="0" el="91" ec="0" bec="0" bev="0" fileid="1" />
                <SequencePoint vc="1176" uspid="43" ordinal="0" offset="332" sl="93" sc="0" el="93" ec="0" bec="0" bev="0" fileid="1" />
                <SequencePoint vc="1251" uspid="44" ordinal="0" offset="333" sl="85" sc="0" el="85" ec="0" bec="0" bev="0" fileid="1" />
                <SequencePoint vc="0" uspid="45" ordinal="0" offset="410" sl="95" sc="0" el="95" ec="0" bec="0" bev="0" fileid="1" />
                <SequencePoint vc="178" uspid="46" ordinal="0" offset="411" sl="50" sc="0" el="50" ec="0" bec="0" bev="0" fileid="1" />
                <SequencePoint vc="8" uspid="47" ordinal="0" offset="427" sl="97" sc="0" el="97" ec="0" bec="0" bev="0" fileid="1" />
                <SequencePoint vc="153" uspid="48" ordinal="0" offset="432" sl="98" sc="0" el="98" ec="0" bec="0" bev="0" fileid="1" />
              </SequencePoints>
              <BranchPoints />
            </Method>
            <Method visited="true" cyclomaticComplexity="2" nPathComplexity="0" sequenceCoverage="100.0" branchCoverage="0" crapScore="2" isConstructor="false" isStatic="false" isGetter="false" isSetter="false">
              <Summary numSequencePoints="9" visitedSequencePoints="9" numBranchPoints="0" visitedBranchPoints="0" sequenceCoverage="100.0" branchCoverage="0" maxCyclomaticComplexity="2" minCyclomaticComplexity="2" maxCrapScore="2" minCrapScore="2" visitedClasses="0" numClasses="0" visitedMethods="1" numMethods="1" />
              <MetadataToken>100663300</MetadataToken>
              <Name>Unity.Collections.NativeArray[TValue] BlobHashMapBucket[TKey,TValue]::GetValuesForKey(TKey)</Name>
              <FileRef uid="1" />
              <SequencePoints>
                <SequencePoint vc="185" uspid="49" ordinal="0" offset="0" sl="108" sc="0" el="108" ec="0" bec="0" bev="0" fileid="1" />
                <SequencePoint vc="185" uspid="50" ordinal="0" offset="1" sl="109" sc="0" el="109" ec="0" bec="0" bev="0" fileid="1" />
                <SequencePoint vc="185" uspid="51" ordinal="0" offset="9" sl="110" sc="0" el="110" ec="0" bec="0" bev="0" fileid="1" />
                <SequencePoint vc="6" uspid="52" ordinal="0" offset="17" sl="111" sc="0" el="111" ec="0" bec="0" bev="0" fileid="1" />
                <SequencePoint vc="6" uspid="53" ordinal="0" offset="18" sl="112" sc="0" el="112" ec="0" bec="0" bev="0" fileid="1" />
                <SequencePoint vc="179" uspid="54" ordinal="0" offset="32" sl="114" sc="0" el="114" ec="0" bec="0" bev="0" fileid="1" />
                <SequencePoint vc="179" uspid="55" ordinal="0" offset="50" sl="115" sc="0" el="115" ec="0" bec="0" bev="0" fileid="1" />
                <SequencePoint vc="179" uspid="56" ordinal="0" offset="68" sl="117" sc="0" el="117" ec="0" bec="0" bev="0" fileid="1" />
                <SequencePoint vc="185" uspid="57" ordinal="0" offset="80" sl="118" sc="0" el="118" ec="0" bec="0" bev="0" fileid="1" />
              </SequencePoints>
              <BranchPoints />
            </Method>
            <Method visited="true" cyclomaticComplexity="1" nPathComplexity="0" sequenceCoverage="100.0" branchCoverage="0" crapScore="1" isConstructor="false" isStatic="false" isGetter="false" isSetter="false">
              <Summary numSequencePoints="11" visitedSequencePoints="11" numBranchPoints="0" visitedBranchPoints="0" sequenceCoverage="100.0" branchCoverage="0" maxCyclomaticComplexity="1" minCyclomaticComplexity="1" maxCrapScore="1" minCrapScore="1" visitedClasses="0" numClasses="0" visitedMethods="1" numMethods="1" />
              <MetadataToken>100663301</MetadataToken>
              <Name>Unity.Collections.NativeArray[TValue] BlobHashMapBucket[TKey,TValue]::GetReadOnlySubArray(System.Int32, System.Int32)</Name>
              <FileRef uid="1" />
              <SequencePoints>
                <SequencePoint vc="179" uspid="58" ordinal="0" offset="0" sl="121" sc="0" el="121" ec="0" bec="0" bev="0" fileid="1" />
                <SequencePoint vc="179" uspid="59" ordinal="0" offset="1" sl="123" sc="0" el="123" ec="0" bec="0" bev="0" fileid="1" />
                <SequencePoint vc="179" uspid="60" ordinal="0" offset="2" sl="125" sc="0" el="125" ec="0" bec="0" bev="0" fileid="1" />
                <SequencePoint vc="179" uspid="61" ordinal="0" offset="8" sl="126" sc="0" el="126" ec="0" bec="0" bev="0" fileid="1" />
                <SequencePoint vc="179" uspid="62" ordinal="0" offset="15" sl="128" sc="0" el="128" ec="0" bec="0" bev="0" fileid="1" />
                <SequencePoint vc="179" uspid="63" ordinal="0" offset="45" sl="130" sc="0" el="130" ec="0" bec="0" bev="0" fileid="1" />
                <SequencePoint vc="179" uspid="64" ordinal="0" offset="52" sl="131" sc="0" el="131" ec="0" bec="0" bev="0" fileid="1" />
                <SequencePoint vc="179" uspid="65" ordinal="0" offset="60" sl="132" sc="0" el="132" ec="0" bec="0" bev="0" fileid="1" />
                <SequencePoint vc="179" uspid="66" ordinal="0" offset="68" sl="133" sc="0" el="133" ec="0" bec="0" bev="0" fileid="1" />
                <SequencePoint vc="179" uspid="67" ordinal="0" offset="77" sl="137" sc="0" el="137" ec="0" bec="0" bev="0" fileid="1" />
                <SequencePoint vc="179" uspid="68" ordinal="0" offset="81" sl="139" sc="0" el="139" ec="0" bec="0" bev="0" fileid="1" />
              </SequencePoints>
              <BranchPoints />
            </Method>
          </Methods>
        </Class>
        <Class>
          <Summary numSequencePoints="131" visitedSequencePoints="131" numBranchPoints="0" visitedBranchPoints="0" sequenceCoverage="100.0" branchCoverage="0.0" maxCyclomaticComplexity="6" minCyclomaticComplexity="1" maxCrapScore="6" minCrapScore="1" visitedClasses="1" numClasses="1" visitedMethods="8" numMethods="8" />
          <FullName>BlobHashMapBuilder[TKey,TValue]</FullName>
          <Methods>
            <Method visited="true" cyclomaticComplexity="2" nPathComplexity="0" sequenceCoverage="100.0" branchCoverage="0" crapScore="2" isConstructor="false" isStatic="false" isGetter="false" isSetter="false">
              <Summary numSequencePoints="7" visitedSequencePoints="7" numBranchPoints="0" visitedBranchPoints="0" sequenceCoverage="100.0" branchCoverage="0" maxCyclomaticComplexity="2" minCyclomaticComplexity="2" maxCrapScore="2" minCrapScore="2" visitedClasses="0" numClasses="0" visitedMethods="1" numMethods="1" />
              <MetadataToken>100663303</MetadataToken>
              <Name>BlobHashMapBuilder[TKey,TValue] BlobHashMapBuilder[TKey,TValue]::AddAll(System.Collections.Generic.IEnumerator[KeyValue`2])</Name>
              <FileRef uid="2" />
              <SequencePoints>
                <SequencePoint vc="8" uspid="69" ordinal="0" offset="0" sl="37" sc="0" el="37" ec="0" bec="0" bev="0" fileid="2" />
                <SequencePoint vc="331" uspid="70" ordinal="0" offset="3" sl="39" sc="0" el="39" ec="0" bec="0" bev="0" fileid="2" />
                <SequencePoint vc="331" uspid="71" ordinal="0" offset="4" sl="40" sc="0" el="40" ec="0" bec="0" bev="0" fileid="2" />
                <SequencePoint vc="331" uspid="72" ordinal="0" offset="39" sl="41" sc="0" el="41" ec="0" bec="0" bev="0" fileid="2" />
                <SequencePoint vc="339" uspid="73" ordinal="0" offset="40" sl="38" sc="0" el="38" ec="0" bec="0" bev="0" fileid="2" />
                <SequencePoint vc="8" uspid="74" ordinal="0" offset="50" sl="42" sc="0" el="42" ec="0" bec="0" bev="0" fileid="2" />
                <SequencePoint vc="8" uspid="75" ordinal="0" offset="54" sl="43" sc="0" el="43" ec="0" bec="0" bev="0" fileid="2" />
              </SequencePoints>
              <BranchPoints />
            </Method>
            <Method visited="true" cyclomaticComplexity="3" nPathComplexity="0" sequenceCoverage="100.0" branchCoverage="0" crapScore="3" isConstructor="false" isStatic="false" isGetter="false" isSetter="false">
              <Summary numSequencePoints="10" visitedSequencePoints="10" numBranchPoints="0" visitedBranchPoints="0" sequenceCoverage="100.0" branchCoverage="0" maxCyclomaticComplexity="3" minCyclomaticComplexity="3" maxCrapScore="3" minCrapScore="3" visitedClasses="0" numClasses="0" visitedMethods="1" numMethods="1" />
              <MetadataToken>100663304</MetadataToken>
              <Name>BlobHashMapBuilder[TKey,TValue] BlobHashMapBuilder[TKey,TValue]::AddAll(System.Collections.Generic.IEnumerable[KeyValuePair`2])</Name>
              <FileRef uid="2" />
              <SequencePoints>
                <SequencePoint vc="9" uspid="76" ordinal="0" offset="0" sl="46" sc="0" el="46" ec="0" bec="0" bev="0" fileid="2" />
                <SequencePoint vc="9" uspid="77" ordinal="0" offset="1" sl="47" sc="0" el="47" ec="0" bec="0" bev="0" fileid="2" />
                <SequencePoint vc="9" uspid="78" ordinal="0" offset="2" sl="47" sc="0" el="47" ec="0" bec="0" bev="0" fileid="2" />
                <SequencePoint vc="399" uspid="79" ordinal="0" offset="11" sl="47" sc="0" el="47" ec="0" bec="0" bev="0" fileid="2" />
                <SequencePoint vc="399" uspid="80" ordinal="0" offset="18" sl="48" sc="0" el="48" ec="0" bec="0" bev="0" fileid="2" />
                <SequencePoint vc="399" uspid="81" ordinal="0" offset="19" sl="49" sc="0" el="49" ec="0" bec="0" bev="0" fileid="2" />
                <SequencePoint vc="399" uspid="82" ordinal="0" offset="40" sl="50" sc="0" el="50" ec="0" bec="0" bev="0" fileid="2" />
                <SequencePoint vc="408" uspid="83" ordinal="0" offset="41" sl="47" sc="0" el="47" ec="0" bec="0" bev="0" fileid="2" />
                <SequencePoint vc="9" uspid="84" ordinal="0" offset="62" sl="51" sc="0" el="51" ec="0" bec="0" bev="0" fileid="2" />
                <SequencePoint vc="9" uspid="85" ordinal="0" offset="66" sl="52" sc="0" el="52" ec="0" bec="0" bev="0" fileid="2" />
              </SequencePoints>
              <BranchPoints />
            </Method>
            <Method visited="true" cyclomaticComplexity="1" nPathComplexity="0" sequenceCoverage="100.0" branchCoverage="0" crapScore="1" isConstructor="false" isStatic="false" isGetter="false" isSetter="false">
              <Summary numSequencePoints="7" visitedSequencePoints="7" numBranchPoints="0" visitedBranchPoints="0" sequenceCoverage="100.0" branchCoverage="0" maxCyclomaticComplexity="1" minCyclomaticComplexity="1" maxCrapScore="1" minCrapScore="1" visitedClasses="0" numClasses="0" visitedMethods="1" numMethods="1" />
              <MetadataToken>100663305</MetadataToken>
              <Name>System.Void BlobHashMapBuilder[TKey,TValue]::Rehash()</Name>
              <FileRef uid="2" />
              <SequencePoints>
                <SequencePoint vc="9" uspid="86" ordinal="0" offset="0" sl="55" sc="0" el="55" ec="0" bec="0" bev="0" fileid="2" />
                <SequencePoint vc="9" uspid="87" ordinal="0" offset="1" sl="56" sc="0" el="56" ec="0" bec="0" bev="0" fileid="2" />
                <SequencePoint vc="9" uspid="88" ordinal="0" offset="8" sl="57" sc="0" el="57" ec="0" bec="0" bev="0" fileid="2" />
                <SequencePoint vc="9" uspid="89" ordinal="0" offset="22" sl="58" sc="0" el="58" ec="0" bec="0" bev="0" fileid="2" />
                <SequencePoint vc="9" uspid="90" ordinal="0" offset="34" sl="59" sc="0" el="59" ec="0" bec="0" bev="0" fileid="2" />
                <SequencePoint vc="9" uspid="91" ordinal="0" offset="47" sl="61" sc="0" el="61" ec="0" bec="0" bev="0" fileid="2" />
                <SequencePoint vc="9" uspid="92" ordinal="0" offset="54" sl="62" sc="0" el="62" ec="0" bec="0" bev="0" fileid="2" />
              </SequencePoints>
              <BranchPoints />
            </Method>
            <Method visited="true" cyclomaticComplexity="4" nPathComplexity="0" sequenceCoverage="100.0" branchCoverage="0" crapScore="4" isConstructor="false" isStatic="false" isGetter="false" isSetter="false">
              <Summary numSequencePoints="20" visitedSequencePoints="20" numBranchPoints="0" visitedBranchPoints="0" sequenceCoverage="100.0" branchCoverage="0" maxCyclomaticComplexity="4" minCyclomaticComplexity="4" maxCrapScore="4" minCrapScore="4" visitedClasses="0" numClasses="0" visitedMethods="1" numMethods="1" />
              <MetadataToken>100663306</MetadataToken>
              <Name>BlobHashMapBuilder[TKey,TValue] BlobHashMapBuilder[TKey,TValue]::Add(TKey, TValue)</Name>
              <FileRef uid="2" />
              <SequencePoints>
                <SequencePoint vc="730" uspid="93" ordinal="0" offset="0" sl="65" sc="0" el="65" ec="0" bec="0" bev="0" fileid="2" />
                <SequencePoint vc="730" uspid="94" ordinal="0" offset="1" sl="66" sc="0" el="66" ec="0" bec="0" bev="0" fileid="2" />
                <SequencePoint vc="331" uspid="95" ordinal="0" offset="14" sl="67" sc="0" el="67" ec="0" bec="0" bev="0" fileid="2" />
                <SequencePoint vc="331" uspid="96" ordinal="0" offset="15" sl="68" sc="0" el="68" ec="0" bec="0" bev="0" fileid="2" />
                <SequencePoint vc="9" uspid="97" ordinal="0" offset="47" sl="68" sc="0" el="68" ec="0" bec="0" bev="0" fileid="2" />
                <SequencePoint vc="331" uspid="98" ordinal="0" offset="54" sl="69" sc="0" el="69" ec="0" bec="0" bev="0" fileid="2" />
                <SequencePoint vc="331" uspid="99" ordinal="0" offset="67" sl="70" sc="0" el="70" ec="0" bec="0" bev="0" fileid="2" />
                <SequencePoint vc="331" uspid="100" ordinal="0" offset="86" sl="71" sc="0" el="71" ec="0" bec="0" bev="0" fileid="2" />
                <SequencePoint vc="730" uspid="101" ordinal="0" offset="87" sl="72" sc="0" el="72" ec="0" bec="0" bev="0" fileid="2" />
                <SequencePoint vc="730" uspid="102" ordinal="0" offset="100" sl="75" sc="0" el="75" ec="0" bec="0" bev="0" fileid="2" />
                <SequencePoint vc="526" uspid="103" ordinal="0" offset="123" sl="76" sc="0" el="76" ec="0" bec="0" bev="0" fileid="2" />
                <SequencePoint vc="526" uspid="104" ordinal="0" offset="124" sl="77" sc="0" el="77" ec="0" bec="0" bev="0" fileid="2" />
                <SequencePoint vc="526" uspid="105" ordinal="0" offset="142" sl="78" sc="0" el="78" ec="0" bec="0" bev="0" fileid="2" />
                <SequencePoint vc="204" uspid="106" ordinal="0" offset="145" sl="80" sc="0" el="80" ec="0" bec="0" bev="0" fileid="2" />
                <SequencePoint vc="204" uspid="107" ordinal="0" offset="146" sl="81" sc="0" el="81" ec="0" bec="0" bev="0" fileid="2" />
                <SequencePoint vc="204" uspid="108" ordinal="0" offset="152" sl="82" sc="0" el="82" ec="0" bec="0" bev="0" fileid="2" />
                <SequencePoint vc="204" uspid="109" ordinal="0" offset="171" sl="83" sc="0" el="83" ec="0" bec="0" bev="0" fileid="2" />
                <SequencePoint vc="730" uspid="110" ordinal="0" offset="172" sl="85" sc="0" el="85" ec="0" bec="0" bev="0" fileid="2" />
                <SequencePoint vc="730" uspid="111" ordinal="0" offset="188" sl="87" sc="0" el="87" ec="0" bec="0" bev="0" fileid="2" />
                <SequencePoint vc="730" uspid="112" ordinal="0" offset="193" sl="88" sc="0" el="88" ec="0" bec="0" bev="0" fileid="2" />
              </SequencePoints>
              <BranchPoints />
            </Method>
            <Method visited="true" cyclomaticComplexity="2" nPathComplexity="0" sequenceCoverage="100.0" branchCoverage="0" crapScore="2" isConstructor="false" isStatic="false" isGetter="false" isSetter="false">
              <Summary numSequencePoints="12" visitedSequencePoints="12" numBranchPoints="0" visitedBranchPoints="0" sequenceCoverage="100.0" branchCoverage="0" maxCyclomaticComplexity="2" minCyclomaticComplexity="2" maxCrapScore="2" minCrapScore="2" visitedClasses="0" numClasses="0" visitedMethods="1" numMethods="1" />
              <MetadataToken>100663307</MetadataToken>
              <Name>System.Void BlobHashMapBuilder[TKey,TValue]::AddDataToBucket(System.Collections.Generic.SortedDictionary[TKey,ValueTuple`3], System.Int32, TKey, TValue)</Name>
              <FileRef uid="2" />
              <SequencePoints>
                <SequencePoint vc="730" uspid="113" ordinal="0" offset="0" sl="91" sc="0" el="91" ec="0" bec="0" bev="0" fileid="2" />
                <SequencePoint vc="730" uspid="114" ordinal="0" offset="1" sl="92" sc="0" el="92" ec="0" bec="0" bev="0" fileid="2" />
                <SequencePoint vc="264" uspid="115" ordinal="0" offset="12" sl="93" sc="0" el="93" ec="0" bec="0" bev="0" fileid="2" />
                <SequencePoint vc="264" uspid="116" ordinal="0" offset="13" sl="94" sc="0" el="94" ec="0" bec="0" bev="0" fileid="2" />
                <SequencePoint vc="264" uspid="117" ordinal="0" offset="21" sl="95" sc="0" el="95" ec="0" bec="0" bev="0" fileid="2" />
                <SequencePoint vc="264" uspid="118" ordinal="0" offset="35" sl="96" sc="0" el="96" ec="0" bec="0" bev="0" fileid="2" />
                <SequencePoint vc="466" uspid="119" ordinal="0" offset="38" sl="98" sc="0" el="98" ec="0" bec="0" bev="0" fileid="2" />
                <SequencePoint vc="466" uspid="120" ordinal="0" offset="39" sl="99" sc="0" el="99" ec="0" bec="0" bev="0" fileid="2" />
                <SequencePoint vc="466" uspid="121" ordinal="0" offset="45" sl="100" sc="0" el="100" ec="0" bec="0" bev="0" fileid="2" />
                <SequencePoint vc="466" uspid="122" ordinal="0" offset="54" sl="101" sc="0" el="101" ec="0" bec="0" bev="0" fileid="2" />
                <SequencePoint vc="466" uspid="123" ordinal="0" offset="86" sl="102" sc="0" el="102" ec="0" bec="0" bev="0" fileid="2" />
                <SequencePoint vc="730" uspid="124" ordinal="0" offset="87" sl="103" sc="0" el="103" ec="0" bec="0" bev="0" fileid="2" />
              </SequencePoints>
              <BranchPoints />
            </Method>
            <Method visited="true" cyclomaticComplexity="6" nPathComplexity="0" sequenceCoverage="100.0" branchCoverage="0" crapScore="6" isConstructor="false" isStatic="false" isGetter="false" isSetter="false">
              <Summary numSequencePoints="48" visitedSequencePoints="48" numBranchPoints="0" visitedBranchPoints="0" sequenceCoverage="100.0" branchCoverage="0" maxCyclomaticComplexity="6" minCyclomaticComplexity="6" maxCrapScore="6" minCrapScore="6" visitedClasses="0" numClasses="0" visitedMethods="1" numMethods="1" />
              <MetadataToken>100663308</MetadataToken>
              <Name>Unity.Entities.BlobAssetReference[BlobMultiHashMap`2] BlobHashMapBuilder[TKey,TValue]::CreateBlobAssetReference(Unity.Collections.Allocator)</Name>
              <FileRef uid="2" />
              <SequencePoints>
                <SequencePoint vc="8" uspid="125" ordinal="0" offset="0" sl="106" sc="0" el="106" ec="0" bec="0" bev="0" fileid="2" />
                <SequencePoint vc="8" uspid="126" ordinal="0" offset="1" sl="108" sc="0" el="108" ec="0" bec="0" bev="0" fileid="2" />
                <SequencePoint vc="8" uspid="127" ordinal="0" offset="13" sl="110" sc="0" el="110" ec="0" bec="0" bev="0" fileid="2" />
                <SequencePoint vc="8" uspid="128" ordinal="0" offset="21" sl="112" sc="0" el="112" ec="0" bec="0" bev="0" fileid="2" />
                <SequencePoint vc="8" uspid="129" ordinal="0" offset="45" sl="114" sc="0" el="114" ec="0" bec="0" bev="0" fileid="2" />
                <SequencePoint vc="464" uspid="130" ordinal="0" offset="52" sl="115" sc="0" el="115" ec="0" bec="0" bev="0" fileid="2" />
                <SequencePoint vc="464" uspid="131" ordinal="0" offset="53" sl="117" sc="0" el="117" ec="0" bec="0" bev="0" fileid="2" />
                <SequencePoint vc="101" uspid="132" ordinal="0" offset="76" sl="118" sc="0" el="118" ec="0" bec="0" bev="0" fileid="2" />
                <SequencePoint vc="101" uspid="133" ordinal="0" offset="77" sl="119" sc="0" el="119" ec="0" bec="0" bev="0" fileid="2" />
                <SequencePoint vc="101" uspid="134" ordinal="0" offset="87" sl="121" sc="0" el="121" ec="0" bec="0" bev="0" fileid="2" />
                <SequencePoint vc="101" uspid="135" ordinal="0" offset="100" sl="122" sc="0" el="122" ec="0" bec="0" bev="0" fileid="2" />
                <SequencePoint vc="101" uspid="136" ordinal="0" offset="103" sl="123" sc="0" el="123" ec="0" bec="0" bev="0" fileid="2" />
                <SequencePoint vc="101" uspid="137" ordinal="0" offset="104" sl="123" sc="0" el="123" ec="0" bec="0" bev="0" fileid="2" />
                <SequencePoint vc="205" uspid="138" ordinal="0" offset="119" sl="123" sc="0" el="123" ec="0" bec="0" bev="0" fileid="2" />
                <SequencePoint vc="205" uspid="139" ordinal="0" offset="128" sl="124" sc="0" el="124" ec="0" bec="0" bev="0" fileid="2" />
                <SequencePoint vc="205" uspid="140" ordinal="0" offset="129" sl="125" sc="0" el="125" ec="0" bec="0" bev="0" fileid="2" />
                <SequencePoint vc="205" uspid="141" ordinal="0" offset="146" sl="126" sc="0" el="126" ec="0" bec="0" bev="0" fileid="2" />
                <SequencePoint vc="306" uspid="142" ordinal="0" offset="147" sl="123" sc="0" el="123" ec="0" bec="0" bev="0" fileid="2" />
                <SequencePoint vc="101" uspid="143" ordinal="0" offset="173" sl="127" sc="0" el="127" ec="0" bec="0" bev="0" fileid="2" />
                <SequencePoint vc="101" uspid="144" ordinal="0" offset="195" sl="128" sc="0" el="128" ec="0" bec="0" bev="0" fileid="2" />
                <SequencePoint vc="101" uspid="145" ordinal="0" offset="217" sl="129" sc="0" el="129" ec="0" bec="0" bev="0" fileid="2" />
                <SequencePoint vc="101" uspid="146" ordinal="0" offset="239" sl="130" sc="0" el="130" ec="0" bec="0" bev="0" fileid="2" />
                <SequencePoint vc="101" uspid="147" ordinal="0" offset="242" sl="131" sc="0" el="131" ec="0" bec="0" bev="0" fileid="2" />
                <SequencePoint vc="101" uspid="148" ordinal="0" offset="250" sl="132" sc="0" el="132" ec="0" bec="0" bev="0" fileid="2" />
                <SequencePoint vc="205" uspid="149" ordinal="0" offset="258" sl="134" sc="0" el="134" ec="0" bec="0" bev="0" fileid="2" />
                <SequencePoint vc="205" uspid="150" ordinal="0" offset="259" sl="135" sc="0" el="135" ec="0" bec="0" bev="0" fileid="2" />
                <SequencePoint vc="205" uspid="151" ordinal="0" offset="268" sl="136" sc="0" el="136" ec="0" bec="0" bev="0" fileid="2" />
                <SequencePoint vc="205" uspid="152" ordinal="0" offset="289" sl="137" sc="0" el="137" ec="0" bec="0" bev="0" fileid="2" />
                <SequencePoint vc="205" uspid="153" ordinal="0" offset="303" sl="138" sc="0" el="138" ec="0" bec="0" bev="0" fileid="2" />
                <SequencePoint vc="205" uspid="154" ordinal="0" offset="312" sl="139" sc="0" el="139" ec="0" bec="0" bev="0" fileid="2" />
                <SequencePoint vc="205" uspid="155" ordinal="0" offset="326" sl="140" sc="0" el="140" ec="0" bec="0" bev="0" fileid="2" />
                <SequencePoint vc="205" uspid="156" ordinal="0" offset="340" sl="141" sc="0" el="141" ec="0" bec="0" bev="0" fileid="2" />
                <SequencePoint vc="205" uspid="157" ordinal="0" offset="356" sl="143" sc="0" el="143" ec="0" bec="0" bev="0" fileid="2" />
                <SequencePoint vc="331" uspid="158" ordinal="0" offset="361" sl="144" sc="0" el="144" ec="0" bec="0" bev="0" fileid="2" />
                <SequencePoint vc="331" uspid="159" ordinal="0" offset="362" sl="145" sc="0" el="145" ec="0" bec="0" bev="0" fileid="2" />
                <SequencePoint vc="331" uspid="160" ordinal="0" offset="388" sl="146" sc="0" el="146" ec="0" bec="0" bev="0" fileid="2" />
                <SequencePoint vc="331" uspid="161" ordinal="0" offset="389" sl="143" sc="0" el="143" ec="0" bec="0" bev="0" fileid="2" />
                <SequencePoint vc="536" uspid="162" ordinal="0" offset="395" sl="143" sc="0" el="143" ec="0" bec="0" bev="0" fileid="2" />
                <SequencePoint vc="205" uspid="163" ordinal="0" offset="412" sl="147" sc="0" el="147" ec="0" bec="0" bev="0" fileid="2" />
                <SequencePoint vc="205" uspid="164" ordinal="0" offset="424" sl="148" sc="0" el="148" ec="0" bec="0" bev="0" fileid="2" />
                <SequencePoint vc="205" uspid="165" ordinal="0" offset="430" sl="149" sc="0" el="149" ec="0" bec="0" bev="0" fileid="2" />
                <SequencePoint vc="306" uspid="166" ordinal="0" offset="431" sl="133" sc="0" el="133" ec="0" bec="0" bev="0" fileid="2" />
                <SequencePoint vc="101" uspid="167" ordinal="0" offset="447" sl="150" sc="0" el="150" ec="0" bec="0" bev="0" fileid="2" />
                <SequencePoint vc="464" uspid="168" ordinal="0" offset="448" sl="151" sc="0" el="151" ec="0" bec="0" bev="0" fileid="2" />
                <SequencePoint vc="464" uspid="169" ordinal="0" offset="449" sl="114" sc="0" el="114" ec="0" bec="0" bev="0" fileid="2" />
                <SequencePoint vc="472" uspid="170" ordinal="0" offset="453" sl="114" sc="0" el="114" ec="0" bec="0" bev="0" fileid="2" />
                <SequencePoint vc="8" uspid="171" ordinal="0" offset="471" sl="154" sc="0" el="154" ec="0" bec="0" bev="0" fileid="2" />
                <SequencePoint vc="8" uspid="172" ordinal="0" offset="487" sl="155" sc="0" el="155" ec="0" bec="0" bev="0" fileid="2" />
              </SequencePoints>
              <BranchPoints />
            </Method>
            <Method visited="true" cyclomaticComplexity="3" nPathComplexity="0" sequenceCoverage="100.0" branchCoverage="0" crapScore="3" isConstructor="false" isStatic="false" isGetter="false" isSetter="false">
              <Summary numSequencePoints="17" visitedSequencePoints="17" numBranchPoints="0" visitedBranchPoints="0" sequenceCoverage="100.0" branchCoverage="0" maxCyclomaticComplexity="3" minCyclomaticComplexity="3" maxCrapScore="3" minCrapScore="3" visitedClasses="0" numClasses="0" visitedMethods="1" numMethods="1" />
              <MetadataToken>100663309</MetadataToken>
              <Name>System.Void BlobHashMapBuilder[TKey,TValue]::SetTotalCount(BlobMultiHashMap`2[TKey,TValue]&amp;)</Name>
              <FileRef uid="2" />
              <SequencePoints>
                <SequencePoint vc="8" uspid="173" ordinal="0" offset="0" sl="159" sc="0" el="159" ec="0" bec="0" bev="0" fileid="2" />
                <SequencePoint vc="8" uspid="174" ordinal="0" offset="1" sl="160" sc="0" el="160" ec="0" bec="0" bev="0" fileid="2" />
                <SequencePoint vc="8" uspid="175" ordinal="0" offset="19" sl="161" sc="0" el="161" ec="0" bec="0" bev="0" fileid="2" />
                <SequencePoint vc="8" uspid="176" ordinal="0" offset="21" sl="162" sc="0" el="162" ec="0" bec="0" bev="0" fileid="2" />
                <SequencePoint vc="101" uspid="177" ordinal="0" offset="40" sl="164" sc="0" el="164" ec="0" bec="0" bev="0" fileid="2" />
                <SequencePoint vc="101" uspid="178" ordinal="0" offset="41" sl="165" sc="0" el="165" ec="0" bec="0" bev="0" fileid="2" />
                <SequencePoint vc="101" uspid="179" ordinal="0" offset="49" sl="166" sc="0" el="166" ec="0" bec="0" bev="0" fileid="2" />
                <SequencePoint vc="101" uspid="180" ordinal="0" offset="50" sl="166" sc="0" el="166" ec="0" bec="0" bev="0" fileid="2" />
                <SequencePoint vc="205" uspid="181" ordinal="0" offset="65" sl="166" sc="0" el="166" ec="0" bec="0" bev="0" fileid="2" />
                <SequencePoint vc="205" uspid="182" ordinal="0" offset="74" sl="167" sc="0" el="167" ec="0" bec="0" bev="0" fileid="2" />
                <SequencePoint vc="205" uspid="183" ordinal="0" offset="75" sl="168" sc="0" el="168" ec="0" bec="0" bev="0" fileid="2" />
                <SequencePoint vc="205" uspid="184" ordinal="0" offset="90" sl="169" sc="0" el="169" ec="0" bec="0" bev="0" fileid="2" />
                <SequencePoint vc="306" uspid="185" ordinal="0" offset="91" sl="166" sc="0" el="166" ec="0" bec="0" bev="0" fileid="2" />
                <SequencePoint vc="101" uspid="186" ordinal="0" offset="117" sl="170" sc="0" el="170" ec="0" bec="0" bev="0" fileid="2" />
                <SequencePoint vc="109" uspid="187" ordinal="0" offset="118" sl="163" sc="0" el="163" ec="0" bec="0" bev="0" fileid="2" />
                <SequencePoint vc="8" uspid="188" ordinal="0" offset="131" sl="172" sc="0" el="172" ec="0" bec="0" bev="0" fileid="2" />
                <SequencePoint vc="8" uspid="189" ordinal="0" offset="134" sl="173" sc="0" el="173" ec="0" bec="0" bev="0" fileid="2" />
              </SequencePoints>
              <BranchPoints />
            </Method>
            <Method visited="true" cyclomaticComplexity="3" nPathComplexity="0" sequenceCoverage="100.0" branchCoverage="0" crapScore="3" isConstructor="true" isStatic="false" isGetter="false" isSetter="false">
              <Summary numSequencePoints="10" visitedSequencePoints="10" numBranchPoints="0" visitedBranchPoints="0" sequenceCoverage="100.0" branchCoverage="0" maxCyclomaticComplexity="3" minCyclomaticComplexity="3" maxCrapScore="3" minCrapScore="3" visitedClasses="0" numClasses="0" visitedMethods="1" numMethods="1" />
              <MetadataToken>100663302</MetadataToken>
              <Name>BlobHashMapBuilder[TKey,TValue]::BlobHashMapBuilder(Unity.Entities.BlobBuilder, System.Int32, System.Single)</Name>
              <FileRef uid="2" />
              <SequencePoints>
                <SequencePoint vc="8" uspid="190" ordinal="0" offset="0" sl="18" sc="0" el="18" ec="0" bec="0" bev="0" fileid="2" />
                <SequencePoint vc="8" uspid="191" ordinal="0" offset="7" sl="26" sc="0" el="26" ec="0" bec="0" bev="0" fileid="2" />
                <SequencePoint vc="8" uspid="192" ordinal="0" offset="14" sl="27" sc="0" el="27" ec="0" bec="0" bev="0" fileid="2" />
                <SequencePoint vc="8" uspid="193" ordinal="0" offset="15" sl="28" sc="0" el="28" ec="0" bec="0" bev="0" fileid="2" />
                <SequencePoint vc="8" uspid="194" ordinal="0" offset="22" sl="29" sc="0" el="29" ec="0" bec="0" bev="0" fileid="2" />
                <SequencePoint vc="8" uspid="195" ordinal="0" offset="37" sl="30" sc="0" el="30" ec="0" bec="0" bev="0" fileid="2" />
                <SequencePoint vc="8" uspid="196" ordinal="0" offset="44" sl="31" sc="0" el="31" ec="0" bec="0" bev="0" fileid="2" />
                <SequencePoint vc="8" uspid="197" ordinal="0" offset="55" sl="32" sc="0" el="32" ec="0" bec="0" bev="0" fileid="2" />
                <SequencePoint vc="8" uspid="198" ordinal="0" offset="66" sl="33" sc="0" el="33" ec="0" bec="0" bev="0" fileid="2" />
                <SequencePoint vc="8" uspid="199" ordinal="0" offset="77" sl="34" sc="0" el="34" ec="0" bec="0" bev="0" fileid="2" />
              </SequencePoints>
              <BranchPoints />
            </Method>
          </Methods>
        </Class>
        <Class>
          <Summary numSequencePoints="9" visitedSequencePoints="9" numBranchPoints="0" visitedBranchPoints="0" sequenceCoverage="100.0" branchCoverage="0.0" maxCyclomaticComplexity="1" minCyclomaticComplexity="1" maxCrapScore="1" minCrapScore="1" visitedClasses="1" numClasses="1" visitedMethods="2" numMethods="2" />
          <FullName>BlobHashMapUtils</FullName>
          <Methods>
            <Method visited="true" cyclomaticComplexity="1" nPathComplexity="0" sequenceCoverage="100.0" branchCoverage="0" crapScore="1" isConstructor="false" isStatic="true" isGetter="false" isSetter="false">
              <Summary numSequencePoints="4" visitedSequencePoints="4" numBranchPoints="0" visitedBranchPoints="0" sequenceCoverage="100.0" branchCoverage="0" maxCyclomaticComplexity="1" minCyclomaticComplexity="1" maxCrapScore="1" minCrapScore="1" visitedClasses="0" numClasses="0" visitedMethods="1" numMethods="1" />
              <MetadataToken>100663310</MetadataToken>
              <Name>static System.Int32 BlobHashMapUtils::KeyHash[TKey](TKey)</Name>
              <FileRef uid="3" />
              <SequencePoints>
                <SequencePoint vc="1072" uspid="200" ordinal="0" offset="0" sl="9" sc="0" el="9" ec="0" bec="0" bev="0" fileid="3" />
                <SequencePoint vc="1072" uspid="201" ordinal="0" offset="1" sl="10" sc="0" el="10" ec="0" bec="0" bev="0" fileid="3" />
                <SequencePoint vc="1072" uspid="202" ordinal="0" offset="15" sl="16" sc="0" el="16" ec="0" bec="0" bev="0" fileid="3" />
                <SequencePoint vc="1072" uspid="203" ordinal="0" offset="24" sl="17" sc="0" el="17" ec="0" bec="0" bev="0" fileid="3" />
              </SequencePoints>
              <BranchPoints />
            </Method>
            <Method visited="true" cyclomaticComplexity="1" nPathComplexity="0" sequenceCoverage="100.0" branchCoverage="0" crapScore="1" isConstructor="false" isStatic="true" isGetter="false" isSetter="false">
              <Summary numSequencePoints="5" visitedSequencePoints="5" numBranchPoints="0" visitedBranchPoints="0" sequenceCoverage="100.0" branchCoverage="0" maxCyclomaticComplexity="1" minCyclomaticComplexity="1" maxCrapScore="1" minCrapScore="1" visitedClasses="0" numClasses="0" visitedMethods="1" numMethods="1" />
              <MetadataToken>100663311</MetadataToken>
              <Name>static KeyComputation BlobHashMapUtils::ComputeBucketIndex[TKey](TKey, System.Int32)</Name>
              <FileRef uid="3" />
              <SequencePoints>
                <SequencePoint vc="919" uspid="204" ordinal="0" offset="0" sl="22" sc="0" el="22" ec="0" bec="0" bev="0" fileid="3" />
                <SequencePoint vc="919" uspid="205" ordinal="0" offset="1" sl="30" sc="0" el="30" ec="0" bec="0" bev="0" fileid="3" />
                <SequencePoint vc="919" uspid="206" ordinal="0" offset="8" sl="31" sc="0" el="31" ec="0" bec="0" bev="0" fileid="3" />
                <SequencePoint vc="919" uspid="207" ordinal="0" offset="14" sl="32" sc="0" el="32" ec="0" bec="0" bev="0" fileid="3" />
                <SequencePoint vc="919" uspid="208" ordinal="0" offset="42" sl="33" sc="0" el="33" ec="0" bec="0" bev="0" fileid="3" />
              </SequencePoints>
              <BranchPoints />
            </Method>
          </Methods>
        </Class>
        <Class>
          <Summary numSequencePoints="10" visitedSequencePoints="10" numBranchPoints="0" visitedBranchPoints="0" sequenceCoverage="100.0" branchCoverage="0.0" maxCyclomaticComplexity="1" minCyclomaticComplexity="1" maxCrapScore="1" minCrapScore="1" visitedClasses="1" numClasses="1" visitedMethods="2" numMethods="2" />
          <FullName>BlobMultiHashMap[TKey,TValue]</FullName>
          <Methods>
            <Method visited="true" cyclomaticComplexity="1" nPathComplexity="0" sequenceCoverage="100.0" branchCoverage="0" crapScore="1" isConstructor="false" isStatic="false" isGetter="false" isSetter="false">
              <Summary numSequencePoints="5" visitedSequencePoints="5" numBranchPoints="0" visitedBranchPoints="0" sequenceCoverage="100.0" branchCoverage="0" maxCyclomaticComplexity="1" minCyclomaticComplexity="1" maxCrapScore="1" minCrapScore="1" visitedClasses="0" numClasses="0" visitedMethods="1" numMethods="1" />
              <MetadataToken>100663312</MetadataToken>
              <Name>System.Boolean BlobMultiHashMap[TKey,TValue]::ContainsKey(TKey)</Name>
              <FileRef uid="4" />
              <SequencePoints>
                <SequencePoint vc="4" uspid="209" ordinal="0" offset="0" sl="27" sc="0" el="27" ec="0" bec="0" bev="0" fileid="4" />
                <SequencePoint vc="4" uspid="210" ordinal="0" offset="1" sl="28" sc="0" el="28" ec="0" bec="0" bev="0" fileid="4" />
                <SequencePoint vc="4" uspid="211" ordinal="0" offset="13" sl="29" sc="0" el="29" ec="0" bec="0" bev="0" fileid="4" />
                <SequencePoint vc="4" uspid="212" ordinal="0" offset="21" sl="30" sc="0" el="30" ec="0" bec="0" bev="0" fileid="4" />
                <SequencePoint vc="4" uspid="213" ordinal="0" offset="47" sl="31" sc="0" el="31" ec="0" bec="0" bev="0" fileid="4" />
              </SequencePoints>
              <BranchPoints />
            </Method>
            <Method visited="true" cyclomaticComplexity="1" nPathComplexity="0" sequenceCoverage="100.0" branchCoverage="0" crapScore="1" isConstructor="false" isStatic="false" isGetter="false" isSetter="false">
              <Summary numSequencePoints="5" visitedSequencePoints="5" numBranchPoints="0" visitedBranchPoints="0" sequenceCoverage="100.0" branchCoverage="0" maxCyclomaticComplexity="1" minCyclomaticComplexity="1" maxCrapScore="1" minCrapScore="1" visitedClasses="0" numClasses="0" visitedMethods="1" numMethods="1" />
              <MetadataToken>100663313</MetadataToken>
              <Name>Unity.Collections.NativeArray[TValue] BlobMultiHashMap[TKey,TValue]::GetValuesForKey(TKey)</Name>
              <FileRef uid="4" />
              <SequencePoints>
                <SequencePoint vc="185" uspid="214" ordinal="0" offset="0" sl="34" sc="0" el="34" ec="0" bec="0" bev="0" fileid="4" />
                <SequencePoint vc="185" uspid="215" ordinal="0" offset="1" sl="36" sc="0" el="36" ec="0" bec="0" bev="0" fileid="4" />
                <SequencePoint vc="185" uspid="216" ordinal="0" offset="13" sl="37" sc="0" el="37" ec="0" bec="0" bev="0" fileid="4" />
                <SequencePoint vc="185" uspid="217" ordinal="0" offset="21" sl="39" sc="0" el="39" ec="0" bec="0" bev="0" fileid="4" />
                <SequencePoint vc="185" uspid="218" ordinal="0" offset="47" sl="40" sc="0" el="40" ec="0" bec="0" bev="0" fileid="4" />
              </SequencePoints>
              <BranchPoints />
            </Method>
          </Methods>
        </Class>
      </Classes>
    </Module>
  </Modules>
</CoverageSession>